{"C:/Users/rossa/Desktop/Kaskina/kaskina-react-v01/src/components/ContactForm/ContactForm.tsx": {"path":"C:/Users/rossa/Desktop/Kaskina/kaskina-react-v01/src/components/ContactForm/ContactForm.tsx","statementMap":{"0":{"start":{"line":12,"column":27},"end":{"line":240,"column":null}},"1":{"start":{"line":13,"column":41},"end":{"line":16,"column":null}},"2":{"start":{"line":18,"column":30},"end":{"line":18,"column":null}},"3":{"start":{"line":19,"column":34},"end":{"line":19,"column":null}},"4":{"start":{"line":21,"column":23},"end":{"line":29,"column":null}},"5":{"start":{"line":25,"column":4},"end":{"line":28,"column":null}},"6":{"start":{"line":31,"column":23},"end":{"line":58,"column":null}},"7":{"start":{"line":32,"column":4},"end":{"line":32,"column":null}},"8":{"start":{"line":34,"column":4},"end":{"line":36,"column":null}},"9":{"start":{"line":38,"column":4},"end":{"line":57,"column":null}},"10":{"start":{"line":46,"column":6},"end":{"line":48,"column":null}},"11":{"start":{"line":50,"column":6},"end":{"line":56,"column":null}},"12":{"start":{"line":60,"column":29},"end":{"line":69,"column":null}},"13":{"start":{"line":61,"column":4},"end":{"line":61,"column":null}},"14":{"start":{"line":62,"column":21},"end":{"line":62,"column":null}},"15":{"start":{"line":63,"column":4},"end":{"line":67,"column":null}},"16":{"start":{"line":64,"column":6},"end":{"line":64,"column":null}},"17":{"start":{"line":66,"column":6},"end":{"line":66,"column":null}},"18":{"start":{"line":68,"column":4},"end":{"line":68,"column":null}},"19":{"start":{"line":71,"column":2},"end":{"line":77,"column":null}},"20":{"start":{"line":72,"column":4},"end":{"line":75,"column":null}},"21":{"start":{"line":79,"column":2},"end":{"line":102,"column":null}},"22":{"start":{"line":80,"column":4},"end":{"line":100,"column":null}},"23":{"start":{"line":104,"column":2},"end":{"line":127,"column":null}},"24":{"start":{"line":105,"column":4},"end":{"line":125,"column":null}},"25":{"start":{"line":129,"column":2},"end":{"line":238,"column":null}},"26":{"start":{"line":150,"column":27},"end":{"line":150,"column":null}},"27":{"start":{"line":170,"column":27},"end":{"line":170,"column":null}},"28":{"start":{"line":188,"column":27},"end":{"line":188,"column":null}},"29":{"start":{"line":207,"column":27},"end":{"line":207,"column":null}},"30":{"start":{"line":224,"column":27},"end":{"line":224,"column":null}}},"fnMap":{"0":{"name":"(anonymous_0)","decl":{"start":{"line":12,"column":27},"end":{"line":12,"column":33}},"loc":{"start":{"line":12,"column":33},"end":{"line":240,"column":null}}},"1":{"name":"(anonymous_1)","decl":{"start":{"line":21,"column":23},"end":{"line":21,"column":null}},"loc":{"start":{"line":24,"column":7},"end":{"line":29,"column":null}}},"2":{"name":"(anonymous_2)","decl":{"start":{"line":31,"column":23},"end":{"line":31,"column":24}},"loc":{"start":{"line":31,"column":47},"end":{"line":58,"column":null}}},"3":{"name":"(anonymous_3)","decl":{"start":{"line":60,"column":29},"end":{"line":60,"column":36}},"loc":{"start":{"line":60,"column":65},"end":{"line":69,"column":null}}},"4":{"name":"(anonymous_4)","decl":{"start":{"line":150,"column":20},"end":{"line":150,"column":21}},"loc":{"start":{"line":150,"column":27},"end":{"line":150,"column":null}}},"5":{"name":"(anonymous_5)","decl":{"start":{"line":170,"column":20},"end":{"line":170,"column":21}},"loc":{"start":{"line":170,"column":27},"end":{"line":170,"column":null}}},"6":{"name":"(anonymous_6)","decl":{"start":{"line":188,"column":20},"end":{"line":188,"column":21}},"loc":{"start":{"line":188,"column":27},"end":{"line":188,"column":null}}},"7":{"name":"(anonymous_7)","decl":{"start":{"line":207,"column":20},"end":{"line":207,"column":21}},"loc":{"start":{"line":207,"column":27},"end":{"line":207,"column":null}}},"8":{"name":"(anonymous_8)","decl":{"start":{"line":224,"column":20},"end":{"line":224,"column":21}},"loc":{"start":{"line":224,"column":27},"end":{"line":224,"column":null}}}},"branchMap":{"0":{"loc":{"start":{"line":38,"column":4},"end":{"line":57,"column":null}},"type":"if","locations":[{"start":{"line":38,"column":4},"end":{"line":57,"column":null}},{"start":{"line":38,"column":4},"end":{"line":57,"column":null}}]},"1":{"loc":{"start":{"line":54,"column":19},"end":{"line":54,"column":null}},"type":"cond-expr","locations":[{"start":{"line":54,"column":46},"end":{"line":54,"column":54}},{"start":{"line":54,"column":54},"end":{"line":54,"column":null}}]},"2":{"loc":{"start":{"line":63,"column":4},"end":{"line":67,"column":null}},"type":"if","locations":[{"start":{"line":63,"column":4},"end":{"line":67,"column":null}},{"start":{"line":65,"column":11},"end":{"line":67,"column":null}}]},"3":{"loc":{"start":{"line":63,"column":7},"end":{"line":63,"column":56}},"type":"binary-expr","locations":[{"start":{"line":63,"column":7},"end":{"line":63,"column":19}},{"start":{"line":63,"column":19},"end":{"line":63,"column":56}}]},"4":{"loc":{"start":{"line":71,"column":2},"end":{"line":77,"column":null}},"type":"if","locations":[{"start":{"line":71,"column":2},"end":{"line":77,"column":null}},{"start":{"line":71,"column":2},"end":{"line":77,"column":null}}]},"5":{"loc":{"start":{"line":79,"column":2},"end":{"line":102,"column":null}},"type":"if","locations":[{"start":{"line":79,"column":2},"end":{"line":102,"column":null}},{"start":{"line":79,"column":2},"end":{"line":102,"column":null}}]},"6":{"loc":{"start":{"line":79,"column":6},"end":{"line":79,"column":52}},"type":"binary-expr","locations":[{"start":{"line":79,"column":6},"end":{"line":79,"column":32}},{"start":{"line":79,"column":32},"end":{"line":79,"column":42}},{"start":{"line":79,"column":42},"end":{"line":79,"column":52}}]},"7":{"loc":{"start":{"line":104,"column":2},"end":{"line":127,"column":null}},"type":"if","locations":[{"start":{"line":104,"column":2},"end":{"line":127,"column":null}},{"start":{"line":104,"column":2},"end":{"line":127,"column":null}}]},"8":{"loc":{"start":{"line":104,"column":6},"end":{"line":104,"column":25}},"type":"binary-expr","locations":[{"start":{"line":104,"column":6},"end":{"line":104,"column":15}},{"start":{"line":104,"column":15},"end":{"line":104,"column":25}}]},"9":{"loc":{"start":{"line":152,"column":9},"end":{"line":155,"column":null}},"type":"binary-expr","locations":[{"start":{"line":152,"column":9},"end":{"line":152,"column":33}},{"start":{"line":152,"column":33},"end":{"line":152,"column":null}},{"start":{"line":153,"column":10},"end":{"line":155,"column":null}}]},"10":{"loc":{"start":{"line":172,"column":9},"end":{"line":175,"column":null}},"type":"binary-expr","locations":[{"start":{"line":172,"column":9},"end":{"line":172,"column":34}},{"start":{"line":172,"column":34},"end":{"line":172,"column":null}},{"start":{"line":173,"column":10},"end":{"line":175,"column":null}}]},"11":{"loc":{"start":{"line":191,"column":9},"end":{"line":194,"column":null}},"type":"binary-expr","locations":[{"start":{"line":191,"column":9},"end":{"line":191,"column":40}},{"start":{"line":191,"column":40},"end":{"line":191,"column":null}},{"start":{"line":192,"column":10},"end":{"line":194,"column":null}}]},"12":{"loc":{"start":{"line":210,"column":9},"end":{"line":213,"column":null}},"type":"binary-expr","locations":[{"start":{"line":210,"column":9},"end":{"line":210,"column":36}},{"start":{"line":210,"column":36},"end":{"line":210,"column":null}},{"start":{"line":211,"column":10},"end":{"line":213,"column":null}}]}},"s":{"0":1,"1":1,"2":1,"3":1,"4":1,"5":0,"6":1,"7":0,"8":0,"9":0,"10":0,"11":0,"12":1,"13":0,"14":0,"15":0,"16":0,"17":0,"18":0,"19":1,"20":0,"21":1,"22":0,"23":1,"24":0,"25":1,"26":0,"27":0,"28":0,"29":0,"30":0},"f":{"0":1,"1":0,"2":0,"3":0,"4":0,"5":0,"6":0,"7":0,"8":0},"b":{"0":[0,0],"1":[0,0],"2":[0,0],"3":[0,0],"4":[0,1],"5":[0,1],"6":[1,0,0],"7":[0,1],"8":[1,0],"9":[1,1,0],"10":[1,1,0],"11":[1,0,0],"12":[1,1,0]}}
,"C:/Users/rossa/Desktop/Kaskina/kaskina-react-v01/src/components/ContactForm/contactForm.util.ts": {"path":"C:/Users/rossa/Desktop/Kaskina/kaskina-react-v01/src/components/ContactForm/contactForm.util.ts","statementMap":{"0":{"start":{"line":1,"column":26},"end":{"line":1,"column":null}},"1":{"start":{"line":2,"column":26},"end":{"line":2,"column":null}},"2":{"start":{"line":21,"column":50},"end":{"line":34,"column":null}},"3":{"start":{"line":36,"column":7},"end":{"line":36,"column":null}},"4":{"start":{"line":37,"column":2},"end":{"line":37,"column":null}},"5":{"start":{"line":38,"column":2},"end":{"line":38,"column":null}},"6":{"start":{"line":39,"column":2},"end":{"line":39,"column":null}},"7":{"start":{"line":40,"column":2},"end":{"line":40,"column":null}},"8":{"start":{"line":41,"column":2},"end":{"line":41,"column":null}},"9":{"start":{"line":42,"column":2},"end":{"line":42,"column":null}},"10":{"start":{"line":43,"column":2},"end":{"line":43,"column":null}},"11":{"start":{"line":44,"column":2},"end":{"line":44,"column":null}},"12":{"start":{"line":36,"column":12},"end":{"line":36,"column":null}},"13":{"start":{"line":47,"column":53},"end":{"line":104,"column":null}},"14":{"start":{"line":48,"column":2},"end":{"line":103,"column":null}},"15":{"start":{"line":50,"column":6},"end":{"line":54,"column":null}},"16":{"start":{"line":58,"column":6},"end":{"line":62,"column":null}},"17":{"start":{"line":66,"column":6},"end":{"line":70,"column":null}},"18":{"start":{"line":74,"column":6},"end":{"line":78,"column":null}},"19":{"start":{"line":82,"column":6},"end":{"line":85,"column":null}},"20":{"start":{"line":89,"column":6},"end":{"line":92,"column":null}},"21":{"start":{"line":96,"column":6},"end":{"line":99,"column":null}},"22":{"start":{"line":106,"column":27},"end":{"line":108,"column":null}},"23":{"start":{"line":107,"column":2},"end":{"line":107,"column":null}}},"fnMap":{"0":{"name":"(anonymous_0)","decl":{"start":{"line":36,"column":7},"end":{"line":36,"column":12}},"loc":{"start":{"line":36,"column":7},"end":{"line":36,"column":null}}},"1":{"name":"(anonymous_1)","decl":{"start":{"line":47,"column":53},"end":{"line":47,"column":54}},"loc":{"start":{"line":47,"column":135},"end":{"line":104,"column":null}}},"2":{"name":"(anonymous_2)","decl":{"start":{"line":106,"column":27},"end":{"line":106,"column":28}},"loc":{"start":{"line":106,"column":96},"end":{"line":108,"column":null}}}},"branchMap":{"0":{"loc":{"start":{"line":36,"column":12},"end":{"line":36,"column":null}},"type":"binary-expr","locations":[{"start":{"line":36,"column":12},"end":{"line":36,"column":null}},{"start":{"line":36,"column":12},"end":{"line":36,"column":null}}]},"1":{"loc":{"start":{"line":48,"column":2},"end":{"line":103,"column":null}},"type":"switch","locations":[{"start":{"line":49,"column":4},"end":{"line":55,"column":null}},{"start":{"line":57,"column":4},"end":{"line":63,"column":null}},{"start":{"line":65,"column":4},"end":{"line":71,"column":null}},{"start":{"line":73,"column":4},"end":{"line":79,"column":null}},{"start":{"line":81,"column":4},"end":{"line":86,"column":null}},{"start":{"line":88,"column":4},"end":{"line":93,"column":null}},{"start":{"line":95,"column":4},"end":{"line":100,"column":null}}]},"2":{"loc":{"start":{"line":69,"column":26},"end":{"line":69,"column":null}},"type":"binary-expr","locations":[{"start":{"line":69,"column":26},"end":{"line":69,"column":59}},{"start":{"line":69,"column":59},"end":{"line":69,"column":null}}]},"3":{"loc":{"start":{"line":107,"column":9},"end":{"line":107,"column":null}},"type":"binary-expr","locations":[{"start":{"line":107,"column":9},"end":{"line":107,"column":17}},{"start":{"line":107,"column":17},"end":{"line":107,"column":26}},{"start":{"line":107,"column":26},"end":{"line":107,"column":35}},{"start":{"line":107,"column":35},"end":{"line":107,"column":null}}]}},"s":{"0":1,"1":1,"2":1,"3":1,"4":1,"5":1,"6":1,"7":1,"8":1,"9":1,"10":1,"11":1,"12":1,"13":1,"14":0,"15":0,"16":0,"17":0,"18":0,"19":0,"20":0,"21":0,"22":1,"23":0},"f":{"0":1,"1":0,"2":0},"b":{"0":[1,1],"1":[0,0,0,0,0,0,0],"2":[0,0],"3":[0,0,0,0]}}
,"C:/Users/rossa/Desktop/Kaskina/kaskina-react-v01/src/components/ContactForm/contactFormService.ts": {"path":"C:/Users/rossa/Desktop/Kaskina/kaskina-react-v01/src/components/ContactForm/contactFormService.ts","statementMap":{"0":{"start":{"line":11,"column":28},"end":{"line":43,"column":null}},"1":{"start":{"line":12,"column":20},"end":{"line":17,"column":null}},"2":{"start":{"line":19,"column":2},"end":{"line":42,"column":null}},"3":{"start":{"line":20,"column":29},"end":{"line":29,"column":null}},"4":{"start":{"line":30,"column":4},"end":{"line":30,"column":null}},"5":{"start":{"line":34,"column":4},"end":{"line":41,"column":null}},"6":{"start":{"line":35,"column":6},"end":{"line":35,"column":null}},"7":{"start":{"line":37,"column":6},"end":{"line":37,"column":null}},"8":{"start":{"line":39,"column":6},"end":{"line":39,"column":null}},"9":{"start":{"line":40,"column":6},"end":{"line":40,"column":null}}},"fnMap":{"0":{"name":"(anonymous_0)","decl":{"start":{"line":11,"column":28},"end":{"line":11,"column":35}},"loc":{"start":{"line":11,"column":70},"end":{"line":43,"column":null}}}},"branchMap":{"0":{"loc":{"start":{"line":34,"column":4},"end":{"line":41,"column":null}},"type":"if","locations":[{"start":{"line":34,"column":4},"end":{"line":41,"column":null}},{"start":{"line":38,"column":11},"end":{"line":41,"column":null}}]}},"s":{"0":1,"1":0,"2":0,"3":0,"4":0,"5":0,"6":0,"7":0,"8":0,"9":0},"f":{"0":0},"b":{"0":[0,0]}}
,"C:/Users/rossa/Desktop/Kaskina/kaskina-react-v01/src/components/Footer/Footer.tsx": {"path":"C:/Users/rossa/Desktop/Kaskina/kaskina-react-v01/src/components/Footer/Footer.tsx","statementMap":{"0":{"start":{"line":4,"column":22},"end":{"line":22,"column":null}},"1":{"start":{"line":5,"column":24},"end":{"line":5,"column":null}},"2":{"start":{"line":7,"column":2},"end":{"line":20,"column":null}}},"fnMap":{"0":{"name":"(anonymous_0)","decl":{"start":{"line":4,"column":22},"end":{"line":4,"column":28}},"loc":{"start":{"line":4,"column":28},"end":{"line":22,"column":null}}}},"branchMap":{},"s":{"0":1,"1":1,"2":1},"f":{"0":1},"b":{}}
,"C:/Users/rossa/Desktop/Kaskina/kaskina-react-v01/src/components/FooterDetails/FooterDetailsComponent.tsx": {"path":"C:/Users/rossa/Desktop/Kaskina/kaskina-react-v01/src/components/FooterDetails/FooterDetailsComponent.tsx","statementMap":{"0":{"start":{"line":10,"column":18},"end":{"line":10,"column":null}},"1":{"start":{"line":12,"column":38},"end":{"line":72,"column":null}},"2":{"start":{"line":13,"column":2},"end":{"line":70,"column":null}}},"fnMap":{"0":{"name":"(anonymous_0)","decl":{"start":{"line":12,"column":38},"end":{"line":12,"column":44}},"loc":{"start":{"line":12,"column":44},"end":{"line":72,"column":null}}}},"branchMap":{},"s":{"0":1,"1":1,"2":1},"f":{"0":1},"b":{}}
,"C:/Users/rossa/Desktop/Kaskina/kaskina-react-v01/src/components/MainNavigation/MainNavigation.tsx": {"path":"C:/Users/rossa/Desktop/Kaskina/kaskina-react-v01/src/components/MainNavigation/MainNavigation.tsx","statementMap":{"0":{"start":{"line":5,"column":30},"end":{"line":53,"column":null}},"1":{"start":{"line":6,"column":22},"end":{"line":6,"column":null}},"2":{"start":{"line":8,"column":48},"end":{"line":8,"column":null}},"3":{"start":{"line":10,"column":28},"end":{"line":10,"column":null}},"4":{"start":{"line":10,"column":34},"end":{"line":10,"column":null}},"5":{"start":{"line":12,"column":27},"end":{"line":14,"column":null}},"6":{"start":{"line":13,"column":4},"end":{"line":13,"column":null}},"7":{"start":{"line":17,"column":2},"end":{"line":51,"column":null}}},"fnMap":{"0":{"name":"(anonymous_0)","decl":{"start":{"line":5,"column":30},"end":{"line":5,"column":36}},"loc":{"start":{"line":5,"column":36},"end":{"line":53,"column":null}}},"1":{"name":"(anonymous_1)","decl":{"start":{"line":10,"column":28},"end":{"line":10,"column":34}},"loc":{"start":{"line":10,"column":34},"end":{"line":10,"column":null}}},"2":{"name":"(anonymous_2)","decl":{"start":{"line":12,"column":27},"end":{"line":12,"column":33}},"loc":{"start":{"line":12,"column":33},"end":{"line":14,"column":null}}}},"branchMap":{"0":{"loc":{"start":{"line":36,"column":27},"end":{"line":36,"column":78}},"type":"cond-expr","locations":[{"start":{"line":36,"column":44},"end":{"line":36,"column":56}},{"start":{"line":36,"column":56},"end":{"line":36,"column":78}}]}},"s":{"0":1,"1":1,"2":1,"3":1,"4":0,"5":1,"6":0,"7":1},"f":{"0":1,"1":0,"2":0},"b":{"0":[1,0]}}
,"C:/Users/rossa/Desktop/Kaskina/kaskina-react-v01/src/components/RootLayout/RootLayout.tsx": {"path":"C:/Users/rossa/Desktop/Kaskina/kaskina-react-v01/src/components/RootLayout/RootLayout.tsx","statementMap":{"0":{"start":{"line":8,"column":26},"end":{"line":19,"column":null}},"1":{"start":{"line":9,"column":2},"end":{"line":17,"column":null}}},"fnMap":{"0":{"name":"(anonymous_0)","decl":{"start":{"line":8,"column":26},"end":{"line":8,"column":32}},"loc":{"start":{"line":8,"column":32},"end":{"line":19,"column":null}}}},"branchMap":{},"s":{"0":1,"1":1},"f":{"0":1},"b":{}}
,"C:/Users/rossa/Desktop/Kaskina/kaskina-react-v01/src/components/TreatmentCard.tsx/TreatmentCard.tsx": {"path":"C:/Users/rossa/Desktop/Kaskina/kaskina-react-v01/src/components/TreatmentCard.tsx/TreatmentCard.tsx","statementMap":{"0":{"start":{"line":3,"column":29},"end":{"line":28,"column":null}},"1":{"start":{"line":16,"column":2},"end":{"line":25,"column":null}}},"fnMap":{"0":{"name":"(anonymous_0)","decl":{"start":{"line":3,"column":29},"end":{"line":3,"column":30}},"loc":{"start":{"line":15,"column":6},"end":{"line":28,"column":null}}}},"branchMap":{},"s":{"0":3,"1":34},"f":{"0":34},"b":{}}
,"C:/Users/rossa/Desktop/Kaskina/kaskina-react-v01/src/pages/Home.tsx": {"path":"C:/Users/rossa/Desktop/Kaskina/kaskina-react-v01/src/pages/Home.tsx","statementMap":{"0":{"start":{"line":8,"column":20},"end":{"line":28,"column":null}},"1":{"start":{"line":9,"column":2},"end":{"line":26,"column":null}}},"fnMap":{"0":{"name":"(anonymous_0)","decl":{"start":{"line":8,"column":20},"end":{"line":8,"column":26}},"loc":{"start":{"line":8,"column":26},"end":{"line":28,"column":null}}}},"branchMap":{},"s":{"0":1,"1":1},"f":{"0":1},"b":{}}
,"C:/Users/rossa/Desktop/Kaskina/kaskina-react-v01/src/pages/PageWrapper.tsx": {"path":"C:/Users/rossa/Desktop/Kaskina/kaskina-react-v01/src/pages/PageWrapper.tsx","statementMap":{"0":{"start":{"line":3,"column":27},"end":{"line":5,"column":null}},"1":{"start":{"line":4,"column":2},"end":{"line":4,"column":null}}},"fnMap":{"0":{"name":"(anonymous_0)","decl":{"start":{"line":3,"column":27},"end":{"line":3,"column":28}},"loc":{"start":{"line":3,"column":74},"end":{"line":5,"column":null}}}},"branchMap":{},"s":{"0":2,"1":8},"f":{"0":8},"b":{}}
,"C:/Users/rossa/Desktop/Kaskina/kaskina-react-v01/src/pages/facials/Facials.tsx": {"path":"C:/Users/rossa/Desktop/Kaskina/kaskina-react-v01/src/pages/facials/Facials.tsx","statementMap":{"0":{"start":{"line":7,"column":26},"end":{"line":11,"column":null}},"1":{"start":{"line":13,"column":23},"end":{"line":60,"column":null}},"2":{"start":{"line":14,"column":40},"end":{"line":14,"column":null}},"3":{"start":{"line":15,"column":50},"end":{"line":15,"column":null}},"4":{"start":{"line":17,"column":35},"end":{"line":25,"column":null}},"5":{"start":{"line":18,"column":4},"end":{"line":24,"column":null}},"6":{"start":{"line":19,"column":6},"end":{"line":19,"column":null}},"7":{"start":{"line":20,"column":6},"end":{"line":20,"column":null}},"8":{"start":{"line":22,"column":6},"end":{"line":22,"column":null}},"9":{"start":{"line":23,"column":6},"end":{"line":23,"column":null}},"10":{"start":{"line":27,"column":2},"end":{"line":58,"column":null}},"11":{"start":{"line":37,"column":16},"end":{"line":44,"column":null}}},"fnMap":{"0":{"name":"(anonymous_0)","decl":{"start":{"line":13,"column":23},"end":{"line":13,"column":29}},"loc":{"start":{"line":13,"column":29},"end":{"line":60,"column":null}}},"1":{"name":"(anonymous_1)","decl":{"start":{"line":17,"column":35},"end":{"line":17,"column":41}},"loc":{"start":{"line":17,"column":41},"end":{"line":25,"column":null}}},"2":{"name":"(anonymous_2)","decl":{"start":{"line":36,"column":30},"end":{"line":36,"column":31}},"loc":{"start":{"line":37,"column":16},"end":{"line":44,"column":null}}}},"branchMap":{"0":{"loc":{"start":{"line":18,"column":4},"end":{"line":24,"column":null}},"type":"if","locations":[{"start":{"line":18,"column":4},"end":{"line":24,"column":null}},{"start":{"line":21,"column":11},"end":{"line":24,"column":null}}]},"1":{"loc":{"start":{"line":35,"column":53},"end":{"line":35,"column":null}},"type":"cond-expr","locations":[{"start":{"line":35,"column":71},"end":{"line":35,"column":93}},{"start":{"line":35,"column":93},"end":{"line":35,"column":null}}]},"2":{"loc":{"start":{"line":50,"column":15},"end":{"line":50,"column":null}},"type":"cond-expr","locations":[{"start":{"line":50,"column":33},"end":{"line":50,"column":47}},{"start":{"line":50,"column":47},"end":{"line":50,"column":null}}]}},"s":{"0":2,"1":2,"2":7,"3":7,"4":7,"5":3,"6":2,"7":2,"8":1,"9":1,"10":7,"11":33},"f":{"0":7,"1":3,"2":33},"b":{"0":[2,1],"1":[5,2],"2":[5,2]}}
,"C:/Users/rossa/Desktop/Kaskina/kaskina-react-v01/src/pages/facials/facials-utils.ts": {"path":"C:/Users/rossa/Desktop/Kaskina/kaskina-react-v01/src/pages/facials/facials-utils.ts","statementMap":{"0":{"start":{"line":5,"column":30},"end":{"line":78,"column":null}}},"fnMap":{},"branchMap":{},"s":{"0":2},"f":{},"b":{}}
}
